Flow report for EPT_10M04_AF_S2_Top
Thu Oct 24 08:54:00 2024
Quartus Prime Version 23.1std.1 Build 993 05/14/2024 SC Lite Edition


---------------------
; Table of Contents ;
---------------------
  1. Legal Notice
  2. Flow Summary
  3. Flow Settings
  4. Flow Non-Default Global Settings
  5. Flow Elapsed Time
  6. Flow OS Summary
  7. Flow Log
  8. Flow Messages
  9. Flow Suppressed Messages



----------------
; Legal Notice ;
----------------
Copyright (C) 2024  Intel Corporation. All rights reserved.
Your use of Intel Corporation's design tools, logic functions 
and other software and tools, and any partner logic 
functions, and any output files from any of the foregoing 
(including device programming or simulation files), and any 
associated documentation or information are expressly subject 
to the terms and conditions of the Intel Program License 
Subscription Agreement, the Intel Quartus Prime License Agreement,
the Intel FPGA IP License Agreement, or other applicable license
agreement, including, without limitation, that your use is for
the sole purpose of programming logic devices manufactured by
Intel and sold by Intel or its authorized distributors.  Please
refer to the applicable agreement for further details, at
https://fpgasoftware.intel.com/eula.



+-------------------------------------------------------------------------------------+
; Flow Summary                                                                        ;
+------------------------------------+------------------------------------------------+
; Flow Status                        ; Successful - Thu Oct 24 08:54:00 2024          ;
; Quartus Prime Version              ; 23.1std.1 Build 993 05/14/2024 SC Lite Edition ;
; Revision Name                      ; EPT_10M04_AF_S2_Top                            ;
; Top-level Entity Name              ; EPT_10M04_AF_S2_Top                            ;
; Family                             ; MAX 10                                         ;
; Device                             ; 10M04SAE144C8G                                 ;
; Timing Models                      ; Final                                          ;
; Total logic elements               ; 68 / 4,032 ( 2 % )                             ;
;     Total combinational functions  ; 44 / 4,032 ( 1 % )                             ;
;     Dedicated logic registers      ; 53 / 4,032 ( 1 % )                             ;
; Total registers                    ; 53                                             ;
; Total pins                         ; 47 / 101 ( 47 % )                              ;
; Total virtual pins                 ; 0                                              ;
; Total memory bits                  ; 0 / 193,536 ( 0 % )                            ;
; Embedded Multiplier 9-bit elements ; 0 / 40 ( 0 % )                                 ;
; Total PLLs                         ; 0 / 1 ( 0 % )                                  ;
; UFM blocks                         ; 0 / 1 ( 0 % )                                  ;
; ADC blocks                         ; 0 / 1 ( 0 % )                                  ;
+------------------------------------+------------------------------------------------+


+-----------------------------------------+
; Flow Settings                           ;
+-------------------+---------------------+
; Option            ; Setting             ;
+-------------------+---------------------+
; Start date & time ; 10/24/2024 08:53:31 ;
; Main task         ; Compilation         ;
; Revision Name     ; EPT_10M04_AF_S2_Top ;
+-------------------+---------------------+


+-----------------------------------------------------------------------------------------------------------------------------+
; Flow Non-Default Global Settings                                                                                            ;
+-------------------------------------+----------------------------------------+---------------+-------------+----------------+
; Assignment Name                     ; Value                                  ; Default Value ; Entity Name ; Section Id     ;
+-------------------------------------+----------------------------------------+---------------+-------------+----------------+
; COMPILER_SIGNATURE_ID               ; 88271397801539.172975281126104         ; --            ; --          ; --             ;
; EDA_OUTPUT_DATA_FORMAT              ; Verilog Hdl                            ; --            ; --          ; eda_simulation ;
; EDA_SIMULATION_TOOL                 ; Questa Intel FPGA (Verilog)            ; <None>        ; --          ; --             ;
; EDA_TIME_SCALE                      ; 1 ps                                   ; --            ; --          ; eda_simulation ;
; FLOW_ENABLE_POWER_ANALYZER          ; On                                     ; Off           ; --          ; --             ;
; MAX_CORE_JUNCTION_TEMP              ; 85                                     ; --            ; --          ; --             ;
; MIN_CORE_JUNCTION_TEMP              ; 0                                      ; --            ; --          ; --             ;
; OUTPUT_IO_TIMING_FAR_END_VMEAS      ; Half Signal Swing                      ; --            ; --          ; --             ;
; OUTPUT_IO_TIMING_FAR_END_VMEAS      ; Half Signal Swing                      ; --            ; --          ; --             ;
; OUTPUT_IO_TIMING_NEAR_END_VMEAS     ; Half Vccio                             ; --            ; --          ; --             ;
; OUTPUT_IO_TIMING_NEAR_END_VMEAS     ; Half Vccio                             ; --            ; --          ; --             ;
; PARTITION_COLOR                     ; -- (Not supported for targeted family) ; --            ; --          ; Top            ;
; PARTITION_FITTER_PRESERVATION_LEVEL ; -- (Not supported for targeted family) ; --            ; --          ; Top            ;
; PARTITION_NETLIST_TYPE              ; -- (Not supported for targeted family) ; --            ; --          ; Top            ;
; POWER_BOARD_THERMAL_MODEL           ; None (CONSERVATIVE)                    ; --            ; --          ; --             ;
; POWER_DEFAULT_INPUT_IO_TOGGLE_RATE  ; 12.5 %                                 ; 12.5%         ; --          ; --             ;
; POWER_PRESET_COOLING_SOLUTION       ; 23 MM HEAT SINK WITH 200 LFPM AIRFLOW  ; --            ; --          ; --             ;
; PROJECT_OUTPUT_DIRECTORY            ; output_files                           ; --            ; --          ; --             ;
+-------------------------------------+----------------------------------------+---------------+-------------+----------------+


+--------------------------------------------------------------------------------------------------------------------------+
; Flow Elapsed Time                                                                                                        ;
+----------------------+--------------+-------------------------+---------------------+------------------------------------+
; Module Name          ; Elapsed Time ; Average Processors Used ; Peak Virtual Memory ; Total CPU Time (on all processors) ;
+----------------------+--------------+-------------------------+---------------------+------------------------------------+
; Analysis & Synthesis ; 00:00:07     ; 1.0                     ; 4831 MB             ; 00:00:18                           ;
; Fitter               ; 00:00:07     ; 1.1                     ; 6508 MB             ; 00:00:10                           ;
; Assembler            ; 00:00:00     ; 1.0                     ; 4684 MB             ; 00:00:01                           ;
; Power Analyzer       ; 00:00:07     ; 1.0                     ; 4953 MB             ; 00:00:06                           ;
; Timing Analyzer      ; 00:00:02     ; 1.1                     ; 4888 MB             ; 00:00:03                           ;
; EDA Netlist Writer   ; 00:00:01     ; 1.0                     ; 4645 MB             ; 00:00:00                           ;
; Total                ; 00:00:24     ; --                      ; --                  ; 00:00:38                           ;
+----------------------+--------------+-------------------------+---------------------+------------------------------------+


+------------------------------------------------------------------------------------+
; Flow OS Summary                                                                    ;
+----------------------+------------------+------------+------------+----------------+
; Module Name          ; Machine Hostname ; OS Name    ; OS Version ; Processor type ;
+----------------------+------------------+------------+------------+----------------+
; Analysis & Synthesis ; ATGRZWN119215    ; Windows 10 ; 10.0       ; x86_64         ;
; Fitter               ; ATGRZWN119215    ; Windows 10 ; 10.0       ; x86_64         ;
; Assembler            ; ATGRZWN119215    ; Windows 10 ; 10.0       ; x86_64         ;
; Power Analyzer       ; ATGRZWN119215    ; Windows 10 ; 10.0       ; x86_64         ;
; Timing Analyzer      ; ATGRZWN119215    ; Windows 10 ; 10.0       ; x86_64         ;
; EDA Netlist Writer   ; ATGRZWN119215    ; Windows 10 ; 10.0       ; x86_64         ;
+----------------------+------------------+------------+------------+----------------+


------------
; Flow Log ;
------------
quartus_map --read_settings_files=on --write_settings_files=off EPT_10M04_AF_S2_Top -c EPT_10M04_AF_S2_Top
quartus_fit --read_settings_files=off --write_settings_files=off EPT_10M04_AF_S2_Top -c EPT_10M04_AF_S2_Top
quartus_asm --read_settings_files=off --write_settings_files=off EPT_10M04_AF_S2_Top -c EPT_10M04_AF_S2_Top
quartus_pow --read_settings_files=off --write_settings_files=off EPT_10M04_AF_S2_Top -c EPT_10M04_AF_S2_Top
quartus_sta EPT_10M04_AF_S2_Top -c EPT_10M04_AF_S2_Top
quartus_eda --read_settings_files=off --write_settings_files=off EPT_10M04_AF_S2_Top -c EPT_10M04_AF_S2_Top



